
> vibe-generated-app@1.0.0 dev
> vite


  VITE v5.4.20  ready in 203 ms

  ➜  Local:   http://localhost:3000/
  ➜  Network: http://172.20.3.255:3000/
10:11:49 AM [vite] Pre-transform error: Transform failed with 1 error:
/home/workspace/src/components/Chatbot.jsx:33:85: ERROR: Unterminated string literal
10:11:50 AM [vite] Internal server error: Transform failed with 1 error:
/home/workspace/src/components/Chatbot.jsx:33:85: ERROR: Unterminated string literal
  Plugin: vite:esbuild
  File: /home/workspace/src/components/Chatbot.jsx:33:85
  
  Unterminated string literal
  32 |      const normalized = text.toLowerCase();
  33 |      let reply = "Got it! I can help with treks, difficulty, durations, and stays.”;
  34 |      if (normalized.includes('season') || normalized.includes('when')) {
     |   ^
  35 |        reply = 'Best seasons: Spring (Mar–May) and Autumn (Sep–Nov) for clear skies and stable conditions.';
  36 |      } else if (normalized.includes('packing') || normalized.includes('pack')) {
  
      at failureErrorWithLog (/home/workspace/node_modules/esbuild/lib/main.js:1472:15)
      at /home/workspace/node_modules/esbuild/lib/main.js:755:50
      at responseCallbacks.<computed> (/home/workspace/node_modules/esbuild/lib/main.js:622:9)
      at handleIncomingPacket (/home/workspace/node_modules/esbuild/lib/main.js:677:12)
      at Socket.readFromStdout (/home/workspace/node_modules/esbuild/lib/main.js:600:7)
      at Socket.emit (node:events:508:28)
      at addChunk (node:internal/streams/readable:559:12)
      at readableAddChunkPushByteMode (node:internal/streams/readable:510:3)
      at Readable.push (node:internal/streams/readable:390:5)
      at Pipe.onStreamRead (node:internal/stream_base_commons:189:23)
